/home/rtx/anaconda3/envs/LargeModel/lib/python3.10/site-packages/torch/nn/_reduction.py:42: UserWarning: size_average and reduce args will be deprecated, please use reduction='sum' instead.
  warnings.warn(warning.format(ret))
/home/rtx/github/hello-world/shoucuotransformers.py:427: UserWarning: nn.init.xavier_uniform is now deprecated in favor of nn.init.xavier_uniform_.
  nn.init.xavier_uniform(p)
start model training...
epoch=0, training...
Epoch Step: 1 Loss: 1.994707 Tokens per Sec: 698.609192
evaluating...
Epoch Step: 1 Loss: 1.641179 Tokens per Sec: 1517.277832
tensor(1.7689)
epoch=1, training...
Epoch Step: 1 Loss: 1.793944 Tokens per Sec: 1069.308716
evaluating...
Epoch Step: 1 Loss: 1.960184 Tokens per Sec: 1391.517334
tensor(1.8436)
epoch=2, training...
Epoch Step: 1 Loss: 1.751595 Tokens per Sec: 1061.214722
evaluating...
Epoch Step: 1 Loss: 1.698495 Tokens per Sec: 1528.892456
tensor(1.6424)
epoch=3, training...
Epoch Step: 1 Loss: 1.675410 Tokens per Sec: 1078.208008
evaluating...
Epoch Step: 1 Loss: 1.650628 Tokens per Sec: 1528.861450
tensor(1.6455)
epoch=4, training...
Epoch Step: 1 Loss: 1.785103 Tokens per Sec: 1074.567139
evaluating...
Epoch Step: 1 Loss: 1.568609 Tokens per Sec: 1528.691162
tensor(1.5969)
epoch=5, training...
Epoch Step: 1 Loss: 1.758460 Tokens per Sec: 1076.190796
evaluating...
Epoch Step: 1 Loss: 1.613318 Tokens per Sec: 1523.646973
tensor(1.6320)
epoch=6, training...
Epoch Step: 1 Loss: 1.379229 Tokens per Sec: 1075.079712
evaluating...
Epoch Step: 1 Loss: 1.574906 Tokens per Sec: 1508.162231
tensor(1.6129)
epoch=7, training...
Epoch Step: 1 Loss: 1.664368 Tokens per Sec: 1036.476562
evaluating...
Epoch Step: 1 Loss: 1.387733 Tokens per Sec: 1496.896484
tensor(1.4479)
epoch=8, training...
Epoch Step: 1 Loss: 1.545992 Tokens per Sec: 1071.623291
evaluating...
Epoch Step: 1 Loss: 1.382966 Tokens per Sec: 1520.203247
tensor(1.4382)
epoch=9, training...
Epoch Step: 1 Loss: 1.565692 Tokens per Sec: 1077.196533
evaluating...
Epoch Step: 1 Loss: 1.486337 Tokens per Sec: 1523.009277
tensor(1.4469)
